<?xml version="1.0" encoding="UTF-8"?>
<!-- Generated by org.testng.reporters.JUnitReportReporter -->
<testsuite hostname="DESKTOP-LKHK7R7" failures="0" tests="1" name="demowebshop_testcases.AccountRegistrationTest" time="4.774" errors="0" timestamp="2023-11-29T20:11:55 IST" skipped="0">
  <testcase classname="demowebshop_testcases.AccountRegistrationTest" name="test_accountregistration" time="4.774"/>
</testsuite> <!-- demowebshop_testcases.AccountRegistrationTest -->
